<?xml version="1.0" encoding="UTF-8"?>
<testng-results ignored="0" total="1" passed="1" failed="0" skipped="0">
  <reporter-output>
  </reporter-output>
  <suite started-at="2025-04-05T18:24:49 EDT" name="LoginSuite" finished-at="2025-04-05T18:24:53 EDT" duration-ms="3774">
    <groups>
    </groups>
    <test started-at="2025-04-05T18:24:49 EDT" name="LoginTests" finished-at="2025-04-05T18:24:53 EDT" duration-ms="3774">
      <class name="tests.LoginTest">
        <test-method is-config="true" signature="SetUp()[pri:0, instance:tests.LoginTest@29215f06]" started-at="2025-04-05T18:24:49 EDT" name="SetUp" finished-at="2025-04-05T18:24:52 EDT" duration-ms="2212" status="PASS">
          <reporter-output>
          </reporter-output>
        </test-method> <!-- SetUp -->
        <test-method signature="testValidLogin()[pri:0, instance:tests.LoginTest@29215f06]" started-at="2025-04-05T18:24:52 EDT" name="testValidLogin" finished-at="2025-04-05T18:24:53 EDT" duration-ms="1351" status="PASS">
          <reporter-output>
          </reporter-output>
        </test-method> <!-- testValidLogin -->
        <test-method is-config="true" signature="TearDown()[pri:0, instance:tests.LoginTest@29215f06]" started-at="2025-04-05T18:24:53 EDT" name="TearDown" finished-at="2025-04-05T18:24:53 EDT" duration-ms="172" status="PASS">
          <reporter-output>
          </reporter-output>
        </test-method> <!-- TearDown -->
      </class> <!-- tests.LoginTest -->
    </test> <!-- LoginTests -->
  </suite> <!-- LoginSuite -->
</testng-results>
